<?xml version="1.0" encoding="UTF-8"?>
<!-- Generated by org.testng.reporters.JUnitReportReporter -->
<testsuite hostname="DESKTOP-BPMLV0Q" failures="0" tests="4" name="TestWebsite.TestBibaWebsite" time="55.665" errors="0" timestamp="2020-06-21T11:48:16 IST" skipped="0">
  <testcase classname="TestWebsite.TestBibaWebsite" name="testSignInPage" time="25.323"/>
  <system-out/>
  <testcase classname="TestWebsite.TestBibaWebsite" name="testSearchItem" time="6.799"/>
  <system-out>
-----SearchItem Testcase completed successfully-----  </system-out>
  <testcase classname="TestWebsite.TestBibaWebsite" name="testAddToCart" time="15.054"/>
  <system-out>
-----addTocart Testcase completed successfully-----  </system-out>
  <testcase classname="TestWebsite.TestBibaWebsite" name="testLogOut" time="8.489"/>
  <system-out>
-----logout Testcase completed successfully-----  </system-out>
</testsuite> <!-- TestWebsite.TestBibaWebsite -->
