<?xml version="1.0" encoding="UTF-8"?>
<!-- Generated by org.testng.reporters.JUnitReportReporter -->
<testsuite hostname="DESKTOP-BPMLV0Q" failures="0" tests="4" name="TestWebsite.TestEcommerceWebsite" time="54.012" errors="0" timestamp="2020-06-25T17:18:27 IST" skipped="0">
  <testcase classname="TestWebsite.TestEcommerceWebsite" name="testSignInPage" time="21.859"/>
  <system-out/>
  <testcase classname="TestWebsite.TestEcommerceWebsite" name="testproductSelection" time="16.964"/>
  <system-out/>
  <testcase classname="TestWebsite.TestEcommerceWebsite" name="testAddToCart" time="12.078"/>
  <system-out>
-----addTocart Testcase completed successfully-----  </system-out>
  <testcase classname="TestWebsite.TestEcommerceWebsite" name="testLogOut" time="3.111"/>
  <system-out>
-----logout Testcase completed successfully-----  </system-out>
</testsuite> <!-- TestWebsite.TestEcommerceWebsite -->
